<?xml version="1.0" encoding="UTF-8" ?>
<testsuite tests="35" failures="4" name="Cucumber.CucumberTest" time="0.019" errors="2" skipped="7">
  <properties>
    <property name="java.runtime.name" value="Java(TM) SE Runtime Environment"/>
    <property name="sun.boot.library.path" value="/Library/Java/JavaVirtualMachines/jdk1.8.0_144.jdk/Contents/Home/jre/lib"/>
    <property name="java.vm.version" value="25.144-b01"/>
    <property name="gopherProxySet" value="false"/>
    <property name="java.vm.vendor" value="Oracle Corporation"/>
    <property name="maven.multiModuleProjectDirectory" value="/Users/kylecaaspers/Desktop/Repos/Kyle-s-Repository/Robert Street Projects/RobertStreetProjects"/>
    <property name="java.vendor.url" value="http://java.oracle.com/"/>
    <property name="path.separator" value=":"/>
    <property name="guice.disable.misplaced.annotation.check" value="true"/>
    <property name="java.vm.name" value="Java HotSpot(TM) 64-Bit Server VM"/>
    <property name="file.encoding.pkg" value="sun.io"/>
    <property name="user.country" value="US"/>
    <property name="sun.java.launcher" value="SUN_STANDARD"/>
    <property name="sun.os.patch.level" value="unknown"/>
    <property name="test" value="Cucumber.CucumberTest"/>
    <property name="java.vm.specification.name" value="Java Virtual Machine Specification"/>
    <property name="user.dir" value="/Users/kylecaaspers/Desktop/Repos/Kyle-s-Repository/Robert Street Projects/RobertStreetProjects"/>
    <property name="java.runtime.version" value="1.8.0_144-b01"/>
    <property name="java.awt.graphicsenv" value="sun.awt.CGraphicsEnvironment"/>
    <property name="java.endorsed.dirs" value="/Library/Java/JavaVirtualMachines/jdk1.8.0_144.jdk/Contents/Home/jre/lib/endorsed"/>
    <property name="os.arch" value="x86_64"/>
    <property name="java.io.tmpdir" value="/var/folders/48/c2p04jt51dldqnc0r71qsn9m0000gn/T/"/>
    <property name="line.separator" value="
"/>
    <property name="java.vm.specification.vendor" value="Oracle Corporation"/>
    <property name="os.name" value="Mac OS X"/>
    <property name="maven.ext.class.path" value="/Applications/NetBeans/NetBeans 8.2.app/Contents/Resources/NetBeans/java/maven-nblib/netbeans-eventspy.jar"/>
    <property name="classworlds.conf" value="/Users/kylecaaspers/apache-maven-3.5.0/bin/m2.conf"/>
    <property name="sun.jnu.encoding" value="UTF-8"/>
    <property name="java.library.path" value="/Users/kylecaaspers/Library/Java/Extensions:/Library/Java/Extensions:/Network/Library/Java/Extensions:/System/Library/Java/Extensions:/usr/lib/java:."/>
    <property name="maven.conf" value="/Users/kylecaaspers/apache-maven-3.5.0/conf"/>
    <property name="java.specification.name" value="Java Platform API Specification"/>
    <property name="java.class.version" value="52.0"/>
    <property name="sun.management.compiler" value="HotSpot 64-Bit Tiered Compilers"/>
    <property name="os.version" value="10.11.4"/>
    <property name="library.jansi.path" value="/Users/kylecaaspers/apache-maven-3.5.0/lib/jansi-native/osx64"/>
    <property name="user.home" value="/Users/kylecaaspers"/>
    <property name="user.timezone" value="America/Chicago"/>
    <property name="java.awt.printerjob" value="sun.lwawt.macosx.CPrinterJob"/>
    <property name="java.specification.version" value="1.8"/>
    <property name="file.encoding" value="UTF-8"/>
    <property name="user.name" value="kylecaaspers"/>
    <property name="java.class.path" value="/Users/kylecaaspers/apache-maven-3.5.0/boot/plexus-classworlds-2.5.2.jar"/>
    <property name="java.vm.specification.version" value="1.8"/>
    <property name="sun.arch.data.model" value="64"/>
    <property name="java.home" value="/Library/Java/JavaVirtualMachines/jdk1.8.0_144.jdk/Contents/Home/jre"/>
    <property name="sun.java.command" value="org.codehaus.plexus.classworlds.launcher.Launcher -Dtest=Cucumber.CucumberTest -Dmaven.ext.class.path=/Applications/NetBeans/NetBeans 8.2.app/Contents/Resources/NetBeans/java/maven-nblib/netbeans-eventspy.jar surefire:test"/>
    <property name="java.specification.vendor" value="Oracle Corporation"/>
    <property name="user.language" value="en"/>
    <property name="awt.toolkit" value="sun.lwawt.macosx.LWCToolkit"/>
    <property name="java.vm.info" value="mixed mode"/>
    <property name="java.version" value="1.8.0_144"/>
    <property name="java.ext.dirs" value="/Users/kylecaaspers/Library/Java/Extensions:/Library/Java/JavaVirtualMachines/jdk1.8.0_144.jdk/Contents/Home/jre/lib/ext:/Library/Java/Extensions:/Network/Library/Java/Extensions:/System/Library/Java/Extensions:/usr/lib/java"/>
    <property name="sun.boot.class.path" value="/Library/Java/JavaVirtualMachines/jdk1.8.0_144.jdk/Contents/Home/jre/lib/resources.jar:/Library/Java/JavaVirtualMachines/jdk1.8.0_144.jdk/Contents/Home/jre/lib/rt.jar:/Library/Java/JavaVirtualMachines/jdk1.8.0_144.jdk/Contents/Home/jre/lib/sunrsasign.jar:/Library/Java/JavaVirtualMachines/jdk1.8.0_144.jdk/Contents/Home/jre/lib/jsse.jar:/Library/Java/JavaVirtualMachines/jdk1.8.0_144.jdk/Contents/Home/jre/lib/jce.jar:/Library/Java/JavaVirtualMachines/jdk1.8.0_144.jdk/Contents/Home/jre/lib/charsets.jar:/Library/Java/JavaVirtualMachines/jdk1.8.0_144.jdk/Contents/Home/jre/lib/jfr.jar:/Library/Java/JavaVirtualMachines/jdk1.8.0_144.jdk/Contents/Home/jre/classes"/>
    <property name="java.vendor" value="Oracle Corporation"/>
    <property name="maven.home" value="/Users/kylecaaspers/apache-maven-3.5.0"/>
    <property name="file.separator" value="/"/>
    <property name="java.vendor.url.bug" value="http://bugreport.sun.com/bugreport/"/>
    <property name="sun.cpu.endian" value="little"/>
    <property name="sun.io.unicode.encoding" value="UnicodeBig"/>
    <property name="sun.cpu.isalist" value=""/>
  </properties>
  <testcase classname="Scenario: Admin signs in succesfully" name="Given User is on RSP page" time="0.002"/>
  <testcase classname="Scenario: Admin signs in succesfully" name="When User navigates to sign in page" time="0"/>
  <testcase classname="Scenario: Admin signs in succesfully" name="And User enters correct admin name and password" time="0"/>
  <testcase classname="Scenario: Admin signs in succesfully" name="Then User is re-routed to main page with privleges" time="0"/>
  <testcase classname="Scenario: Admin signs in succesfully" name="Scenario: Admin signs in succesfully" time="0"/>
  <testcase classname="Scenario: Admin fails to sign in succesfully" name="Given User is on RSP page" time="0"/>
  <testcase classname="Scenario: Admin fails to sign in succesfully" name="When User navigates to sign in page" time="0"/>
  <testcase classname="Scenario: Admin fails to sign in succesfully" name="And User enters incorrect sign in info" time="0"/>
  <testcase classname="Scenario: Admin fails to sign in succesfully" name="Then The login page is redisplayed" time="0"/>
  <testcase classname="Scenario: Admin fails to sign in succesfully" name="Scenario: Admin fails to sign in succesfully" time="0"/>
  <testcase classname="Scenario: Navigate to login page" name="Given User is on RSP page" time="0"/>
  <testcase classname="Scenario: Navigate to login page" name="When I navigate to &quot;loginBtn&quot;" time="0"/>
  <testcase classname="Scenario: Navigate to login page" name="Then I check page title is &quot;Log In&quot;" time="0"/>
  <testcase classname="Scenario: Navigate to login page" name="And I close the browser" time="0"/>
  <testcase classname="Scenario: Navigate to login page" name="Scenario: Navigate to login page" time="0"/>
  <testcase classname="Scenario: Navigate to static page" name="Given User is on RSP page" time="0"/>
  <testcase classname="Scenario: Navigate to static page" name="When I click the about dropdown" time="0"/>
  <testcase classname="Scenario: Navigate to static page" name="When I navigate to &quot;aboutPage&quot;" time="0.003">
    <error message="no such element: Unable to locate element: {&quot;method&quot;:&quot;id&quot;,&quot;selector&quot;:&quot;aboutPage&quot;}
  (Session info: chrome=63.0.3239.84)
  (Driver info: chromedriver=2.33.506106 (8a06c39c4582fbfbab6966dbb1c38a9173bfb1a2),platform=Mac OS X 10.11.4 x86_64) (WARNING: The server did not provide any stacktrace information)
Command duration or timeout: 0 milliseconds
For documentation on this error, please visit: http://seleniumhq.org/exceptions/no_such_element.html
Build info: version: &apos;3.7.1&apos;, revision: &apos;8a0099a&apos;, time: &apos;2017-11-06T21:01:39.354Z&apos;
System info: host: &apos;Macintosh-2.local&apos;, ip: &apos;2601:448:8580:368d:0:0:0:ebe2&apos;, os.name: &apos;Mac OS X&apos;, os.arch: &apos;x86_64&apos;, os.version: &apos;10.11.4&apos;, java.version: &apos;1.8.0_144&apos;
Driver info: org.openqa.selenium.chrome.ChromeDriver
Capabilities {acceptSslCerts: true, applicationCacheEnabled: false, browserConnectionEnabled: false, browserName: chrome, chrome: {chromedriverVersion: 2.33.506106 (8a06c39c4582fb..., userDataDir: /var/folders/48/c2p04jt51dl...}, cssSelectorsEnabled: true, databaseEnabled: false, handlesAlerts: true, hasTouchScreen: false, javascriptEnabled: true, locationContextEnabled: true, mobileEmulationEnabled: false, nativeEvents: true, networkConnectionEnabled: false, pageLoadStrategy: normal, platform: MAC, platformName: MAC, rotatable: false, setWindowRect: true, takesHeapSnapshot: true, takesScreenshot: true, unexpectedAlertBehaviour: , unhandledPromptBehavior: , version: 63.0.3239.84, webStorageEnabled: true}
Session ID: 3a44270da078bb555b608ab28a213596
*** Element info: {Using=id, value=aboutPage}" type="org.openqa.selenium.NoSuchElementException">org.openqa.selenium.NoSuchElementException: no such element: Unable to locate element: {&quot;method&quot;:&quot;id&quot;,&quot;selector&quot;:&quot;aboutPage&quot;}
  (Session info: chrome=63.0.3239.84)
  (Driver info: chromedriver=2.33.506106 (8a06c39c4582fbfbab6966dbb1c38a9173bfb1a2),platform=Mac OS X 10.11.4 x86_64) (WARNING: The server did not provide any stacktrace information)
Command duration or timeout: 0 milliseconds
For documentation on this error, please visit: http://seleniumhq.org/exceptions/no_such_element.html
Build info: version: &apos;3.7.1&apos;, revision: &apos;8a0099a&apos;, time: &apos;2017-11-06T21:01:39.354Z&apos;
System info: host: &apos;Macintosh-2.local&apos;, ip: &apos;2601:448:8580:368d:0:0:0:ebe2&apos;, os.name: &apos;Mac OS X&apos;, os.arch: &apos;x86_64&apos;, os.version: &apos;10.11.4&apos;, java.version: &apos;1.8.0_144&apos;
Driver info: org.openqa.selenium.chrome.ChromeDriver
Capabilities {acceptSslCerts: true, applicationCacheEnabled: false, browserConnectionEnabled: false, browserName: chrome, chrome: {chromedriverVersion: 2.33.506106 (8a06c39c4582fb..., userDataDir: /var/folders/48/c2p04jt51dl...}, cssSelectorsEnabled: true, databaseEnabled: false, handlesAlerts: true, hasTouchScreen: false, javascriptEnabled: true, locationContextEnabled: true, mobileEmulationEnabled: false, nativeEvents: true, networkConnectionEnabled: false, pageLoadStrategy: normal, platform: MAC, platformName: MAC, rotatable: false, setWindowRect: true, takesHeapSnapshot: true, takesScreenshot: true, unexpectedAlertBehaviour: , unhandledPromptBehavior: , version: 63.0.3239.84, webStorageEnabled: true}
Session ID: 3a44270da078bb555b608ab28a213596
*** Element info: {Using=id, value=aboutPage}
	at sun.reflect.NativeConstructorAccessorImpl.newInstance0(Native Method)
	at sun.reflect.NativeConstructorAccessorImpl.newInstance(NativeConstructorAccessorImpl.java:62)
	at sun.reflect.DelegatingConstructorAccessorImpl.newInstance(DelegatingConstructorAccessorImpl.java:45)
	at java.lang.reflect.Constructor.newInstance(Constructor.java:423)
	at org.openqa.selenium.remote.ErrorHandler.createThrowable(ErrorHandler.java:214)
	at org.openqa.selenium.remote.ErrorHandler.throwIfResponseFailed(ErrorHandler.java:166)
	at org.openqa.selenium.remote.http.JsonHttpResponseCodec.reconstructValue(JsonHttpResponseCodec.java:40)
	at org.openqa.selenium.remote.http.AbstractHttpResponseCodec.decode(AbstractHttpResponseCodec.java:80)
	at org.openqa.selenium.remote.http.AbstractHttpResponseCodec.decode(AbstractHttpResponseCodec.java:44)
	at org.openqa.selenium.remote.HttpCommandExecutor.execute(HttpCommandExecutor.java:164)
	at org.openqa.selenium.remote.service.DriverCommandExecutor.execute(DriverCommandExecutor.java:83)
	at org.openqa.selenium.remote.RemoteWebDriver.execute(RemoteWebDriver.java:600)
	at org.openqa.selenium.remote.RemoteWebDriver.findElement(RemoteWebDriver.java:370)
	at org.openqa.selenium.remote.RemoteWebDriver.findElementById(RemoteWebDriver.java:416)
	at org.openqa.selenium.By$ById.findElement(By.java:218)
	at org.openqa.selenium.remote.RemoteWebDriver.findElement(RemoteWebDriver.java:362)
	at Cucumber.AdminSignInSteps.i_navigate_to(AdminSignInSteps.java:72)
	at ✽.When I navigate to &quot;aboutPage&quot;(FeatureFiles/CheckPageTitle.feature:13)
</error>
  </testcase>
  <testcase classname="Scenario: Navigate to static page" name="Scenario: Navigate to static page" time="0.004">
    <error message="no such element: Unable to locate element: {&quot;method&quot;:&quot;id&quot;,&quot;selector&quot;:&quot;aboutPage&quot;}
  (Session info: chrome=63.0.3239.84)
  (Driver info: chromedriver=2.33.506106 (8a06c39c4582fbfbab6966dbb1c38a9173bfb1a2),platform=Mac OS X 10.11.4 x86_64) (WARNING: The server did not provide any stacktrace information)
Command duration or timeout: 0 milliseconds
For documentation on this error, please visit: http://seleniumhq.org/exceptions/no_such_element.html
Build info: version: &apos;3.7.1&apos;, revision: &apos;8a0099a&apos;, time: &apos;2017-11-06T21:01:39.354Z&apos;
System info: host: &apos;Macintosh-2.local&apos;, ip: &apos;2601:448:8580:368d:0:0:0:ebe2&apos;, os.name: &apos;Mac OS X&apos;, os.arch: &apos;x86_64&apos;, os.version: &apos;10.11.4&apos;, java.version: &apos;1.8.0_144&apos;
Driver info: org.openqa.selenium.chrome.ChromeDriver
Capabilities {acceptSslCerts: true, applicationCacheEnabled: false, browserConnectionEnabled: false, browserName: chrome, chrome: {chromedriverVersion: 2.33.506106 (8a06c39c4582fb..., userDataDir: /var/folders/48/c2p04jt51dl...}, cssSelectorsEnabled: true, databaseEnabled: false, handlesAlerts: true, hasTouchScreen: false, javascriptEnabled: true, locationContextEnabled: true, mobileEmulationEnabled: false, nativeEvents: true, networkConnectionEnabled: false, pageLoadStrategy: normal, platform: MAC, platformName: MAC, rotatable: false, setWindowRect: true, takesHeapSnapshot: true, takesScreenshot: true, unexpectedAlertBehaviour: , unhandledPromptBehavior: , version: 63.0.3239.84, webStorageEnabled: true}
Session ID: 3a44270da078bb555b608ab28a213596
*** Element info: {Using=id, value=aboutPage}" type="org.openqa.selenium.NoSuchElementException">org.openqa.selenium.NoSuchElementException: no such element: Unable to locate element: {&quot;method&quot;:&quot;id&quot;,&quot;selector&quot;:&quot;aboutPage&quot;}
  (Session info: chrome=63.0.3239.84)
  (Driver info: chromedriver=2.33.506106 (8a06c39c4582fbfbab6966dbb1c38a9173bfb1a2),platform=Mac OS X 10.11.4 x86_64) (WARNING: The server did not provide any stacktrace information)
Command duration or timeout: 0 milliseconds
For documentation on this error, please visit: http://seleniumhq.org/exceptions/no_such_element.html
Build info: version: &apos;3.7.1&apos;, revision: &apos;8a0099a&apos;, time: &apos;2017-11-06T21:01:39.354Z&apos;
System info: host: &apos;Macintosh-2.local&apos;, ip: &apos;2601:448:8580:368d:0:0:0:ebe2&apos;, os.name: &apos;Mac OS X&apos;, os.arch: &apos;x86_64&apos;, os.version: &apos;10.11.4&apos;, java.version: &apos;1.8.0_144&apos;
Driver info: org.openqa.selenium.chrome.ChromeDriver
Capabilities {acceptSslCerts: true, applicationCacheEnabled: false, browserConnectionEnabled: false, browserName: chrome, chrome: {chromedriverVersion: 2.33.506106 (8a06c39c4582fb..., userDataDir: /var/folders/48/c2p04jt51dl...}, cssSelectorsEnabled: true, databaseEnabled: false, handlesAlerts: true, hasTouchScreen: false, javascriptEnabled: true, locationContextEnabled: true, mobileEmulationEnabled: false, nativeEvents: true, networkConnectionEnabled: false, pageLoadStrategy: normal, platform: MAC, platformName: MAC, rotatable: false, setWindowRect: true, takesHeapSnapshot: true, takesScreenshot: true, unexpectedAlertBehaviour: , unhandledPromptBehavior: , version: 63.0.3239.84, webStorageEnabled: true}
Session ID: 3a44270da078bb555b608ab28a213596
*** Element info: {Using=id, value=aboutPage}
	at sun.reflect.NativeConstructorAccessorImpl.newInstance0(Native Method)
	at sun.reflect.NativeConstructorAccessorImpl.newInstance(NativeConstructorAccessorImpl.java:62)
	at sun.reflect.DelegatingConstructorAccessorImpl.newInstance(DelegatingConstructorAccessorImpl.java:45)
	at java.lang.reflect.Constructor.newInstance(Constructor.java:423)
	at org.openqa.selenium.remote.ErrorHandler.createThrowable(ErrorHandler.java:214)
	at org.openqa.selenium.remote.ErrorHandler.throwIfResponseFailed(ErrorHandler.java:166)
	at org.openqa.selenium.remote.http.JsonHttpResponseCodec.reconstructValue(JsonHttpResponseCodec.java:40)
	at org.openqa.selenium.remote.http.AbstractHttpResponseCodec.decode(AbstractHttpResponseCodec.java:80)
	at org.openqa.selenium.remote.http.AbstractHttpResponseCodec.decode(AbstractHttpResponseCodec.java:44)
	at org.openqa.selenium.remote.HttpCommandExecutor.execute(HttpCommandExecutor.java:164)
	at org.openqa.selenium.remote.service.DriverCommandExecutor.execute(DriverCommandExecutor.java:83)
	at org.openqa.selenium.remote.RemoteWebDriver.execute(RemoteWebDriver.java:600)
	at org.openqa.selenium.remote.RemoteWebDriver.findElement(RemoteWebDriver.java:370)
	at org.openqa.selenium.remote.RemoteWebDriver.findElementById(RemoteWebDriver.java:416)
	at org.openqa.selenium.By$ById.findElement(By.java:218)
	at org.openqa.selenium.remote.RemoteWebDriver.findElement(RemoteWebDriver.java:362)
	at Cucumber.AdminSignInSteps.i_navigate_to(AdminSignInSteps.java:72)
	at ✽.When I navigate to &quot;aboutPage&quot;(FeatureFiles/CheckPageTitle.feature:13)
</error>
  </testcase>
  <testcase classname="Scenario: Navigate to static page" name="Then I check page title is &quot;Static Page&quot;" time="0.004">
    <skipped/>
  </testcase>
  <testcase classname="Scenario: Navigate to static page" name="And I close the browser" time="0.004">
    <skipped/>
  </testcase>
  <testcase classname="Scenario: Navigate to Facebook from icon" name="Given User is on RSP page" time="0"/>
  <testcase classname="Scenario: Navigate to Facebook from icon" name="When I navigate to &quot;facebookLink&quot;" time="0"/>
  <testcase classname="Scenario: Navigate to Facebook from icon" name="Then I check page title is &quot;Facebook - Log In or Sign Up&quot;" time="0">
    <failure type="java.lang.AssertionError">java.lang.AssertionError
	at org.junit.Assert.fail(Assert.java:86)
	at org.junit.Assert.assertTrue(Assert.java:41)
	at org.junit.Assert.assertTrue(Assert.java:52)
	at Cucumber.AdminSignInSteps.i_check_page_title_is(AdminSignInSteps.java:78)
	at ✽.Then I check page title is &quot;Facebook - Log In or Sign Up&quot;(FeatureFiles/CheckPageTitle.feature:19)
</failure>
  </testcase>
  <testcase classname="Scenario: Navigate to Facebook from icon" name="Scenario: Navigate to Facebook from icon" time="0">
    <failure type="java.lang.AssertionError">java.lang.AssertionError
	at org.junit.Assert.fail(Assert.java:86)
	at org.junit.Assert.assertTrue(Assert.java:41)
	at org.junit.Assert.assertTrue(Assert.java:52)
	at Cucumber.AdminSignInSteps.i_check_page_title_is(AdminSignInSteps.java:78)
	at ✽.Then I check page title is &quot;Facebook - Log In or Sign Up&quot;(FeatureFiles/CheckPageTitle.feature:19)
</failure>
  </testcase>
  <testcase classname="Scenario: Navigate to Facebook from icon" name="And I close the browser" time="0">
    <skipped/>
  </testcase>
  <testcase classname="Scenario: Navigate to LinkedIn from icon" name="Given User is on RSP page" time="0"/>
  <testcase classname="Scenario: Navigate to LinkedIn from icon" name="When I navigate to &quot;linkedinLink&quot;" time="0"/>
  <testcase classname="Scenario: Navigate to LinkedIn from icon" name="Then I check page title is &quot;LinkedIn&quot;" time="0">
    <failure type="java.lang.AssertionError">java.lang.AssertionError
	at org.junit.Assert.fail(Assert.java:86)
	at org.junit.Assert.assertTrue(Assert.java:41)
	at org.junit.Assert.assertTrue(Assert.java:52)
	at Cucumber.AdminSignInSteps.i_check_page_title_is(AdminSignInSteps.java:78)
	at ✽.Then I check page title is &quot;LinkedIn&quot;(FeatureFiles/CheckPageTitle.feature:24)
</failure>
  </testcase>
  <testcase classname="Scenario: Navigate to LinkedIn from icon" name="Scenario: Navigate to LinkedIn from icon" time="0">
    <failure type="java.lang.AssertionError">java.lang.AssertionError
	at org.junit.Assert.fail(Assert.java:86)
	at org.junit.Assert.assertTrue(Assert.java:41)
	at org.junit.Assert.assertTrue(Assert.java:52)
	at Cucumber.AdminSignInSteps.i_check_page_title_is(AdminSignInSteps.java:78)
	at ✽.Then I check page title is &quot;LinkedIn&quot;(FeatureFiles/CheckPageTitle.feature:24)
</failure>
  </testcase>
  <testcase classname="Scenario: Navigate to LinkedIn from icon" name="And I close the browser" time="0">
    <skipped/>
  </testcase>
  <testcase classname="Scenario: client tries to log in without credentials" name="When the client clicks Sign In tab" time="0">
    <skipped/>
  </testcase>
  <testcase classname="Scenario: client tries to log in without credentials" name="Then the client is redirected to the sign in page" time="0">
    <skipped/>
  </testcase>
  <testcase classname="Scenario: client tries to log in without credentials" name="Scenario: client tries to log in without credentials" time="0.001">
    <skipped/>
  </testcase>
  <testcase classname="Scenario: client tries to log in without credentials" name="Scenario: client tries to log in without credentials" time="0.001"/>
</testsuite>